Build started 2014-01-24 2:04:11 PM.
     1>Project "E:\WinDevelopment\BurnDVD\BurnDVD.vcxproj" on node 2 (build target(s)).
     1>InitializeBuildStatus:
         Creating "Debug\BurnDVD.unsuccessfulbuild" because "AlwaysCreate" was specified.
       ClCompile:
         All outputs are up-to-date.
         All outputs are up-to-date.
       ResourceCompile:
         All outputs are up-to-date.
       ManifestResourceCompile:
         All outputs are up-to-date.
       Link:
         All outputs are up-to-date.
       Manifest:
         C:\Program Files (x86)\Microsoft SDKs\Windows\v7.0A\bin\mt.exe /nologo /verbose /out:"Debug\BurnDVD.dll.embed.manifest" /manifest Debug\BurnDVD.dll.intermediate.manifest "D:\Program Files (x86)\Microsoft Visual Studio 10.0\VC\Include\Manifest\dpiaware.manifest"
         All outputs are up-to-date.
       FinalizeBuildStatus:
         Deleting file "Debug\BurnDVD.unsuccessfulbuild".
         Touching "Debug\BurnDVD.lastbuildstate".
     1>Done Building Project "E:\WinDevelopment\BurnDVD\BurnDVD.vcxproj" (build target(s)).

Build succeeded.

Time Elapsed 00:00:00.10
