E:\TEST\BURNDVD\RELEASE\BURNDVD.DLL
E:\TEST\BURNDVD\RELEASE\BURNDVD.DLL.INTERMEDIATE.MANIFEST
e:\test\BurnDVD\Release\BurnDVD.exp
e:\test\BurnDVD\Release\BurnDVD.lib
E:\TEST\BURNDVD\RELEASE\BURNDVD.OBJ
E:\TEST\BURNDVD\RELEASE\BURNDVD.PCH
E:\TEST\BURNDVD\RELEASE\BURNDVD.PDB
E:\TEST\BURNDVD\RELEASE\BURNDVD.RES
e:\test\BurnDVD\Release\BurnDVD.write.1.tlog
e:\test\BurnDVD\Release\cl.command.1.tlog
e:\test\BurnDVD\Release\CL.read.1.tlog
e:\test\BurnDVD\Release\CL.write.1.tlog
E:\TEST\BURNDVD\RELEASE\DEBUGLOG.OBJ
E:\TEST\BURNDVD\RELEASE\DISCFORMATDATA.OBJ
E:\TEST\BURNDVD\RELEASE\DISCFORMATDATAEVENT.OBJ
E:\TEST\BURNDVD\RELEASE\DISCMASTER.OBJ
E:\TEST\BURNDVD\RELEASE\DISCRECORDER.OBJ
e:\test\BurnDVD\Release\link.command.1.tlog
e:\test\BurnDVD\Release\link.read.1.tlog
e:\test\BurnDVD\Release\link.write.1.tlog
e:\test\BurnDVD\Release\link-cvtres.read.1.tlog
e:\test\BurnDVD\Release\link-cvtres.write.1.tlog
e:\test\BurnDVD\Release\mt.command.1.tlog
e:\test\BurnDVD\Release\mt.read.1.tlog
e:\test\BurnDVD\Release\mt.write.1.tlog
e:\test\BurnDVD\Release\rc.command.1.tlog
e:\test\BurnDVD\Release\rc.read.1.tlog
e:\test\BurnDVD\Release\rc.write.1.tlog
E:\TEST\BURNDVD\RELEASE\STDAFX.OBJ
E:\TEST\BURNDVD\RELEASE\VC100.PDB
